0 info it worked if it ends with ok
1 verbose cli [ 'C:\\Users\\Sanjeev\\vita\\src\\main\\front-end\\node\\node',
1 verbose cli   'C:\\Users\\Sanjeev\\vita\\src\\main\\front-end\\node\\npm\\bin\\npm-cli.js',
1 verbose cli   'install',
1 verbose cli   '--color=false' ]
2 info using npm@1.4.9
3 info using node@v0.10.30
4 verbose node symlink C:\Users\Sanjeev\vita\src\main\front-end\node\node
5 verbose readDependencies using package.json deps
6 verbose install where, deps [ 'C:\\Users\\Sanjeev\\vita\\src\\main\\front-end',
6 verbose install   [ 'bower',
6 verbose install     'grunt',
6 verbose install     'grunt-cli',
6 verbose install     'grunt-contrib-concat',
6 verbose install     'grunt-contrib-connect',
6 verbose install     'grunt-contrib-copy',
6 verbose install     'grunt-contrib-less',
6 verbose install     'grunt-contrib-watch',
6 verbose install     'grunt-karma',
6 verbose install     'grunt-protractor-runner',
6 verbose install     'karma',
6 verbose install     'karma-coverage',
6 verbose install     'karma-jasmine',
6 verbose install     'karma-junit-reporter',
6 verbose install     'karma-phantomjs-launcher' ] ]
7 info preinstall vita@0.0.0
8 verbose readDependencies using package.json deps
9 verbose cache add [ 'bower@~1.3.8', null ]
10 verbose cache add name=undefined spec="bower@~1.3.8" args=["bower@~1.3.8",null]
11 verbose parsed url { protocol: null,
11 verbose parsed url   slashes: null,
11 verbose parsed url   auth: null,
11 verbose parsed url   host: null,
11 verbose parsed url   port: null,
11 verbose parsed url   hostname: null,
11 verbose parsed url   hash: null,
11 verbose parsed url   search: null,
11 verbose parsed url   query: null,
11 verbose parsed url   pathname: 'bower@~1.3.8',
11 verbose parsed url   path: 'bower@~1.3.8',
11 verbose parsed url   href: 'bower@~1.3.8' }
12 verbose cache add name="bower" spec="~1.3.8" args=["bower","~1.3.8"]
13 verbose parsed url { protocol: null,
13 verbose parsed url   slashes: null,
13 verbose parsed url   auth: null,
13 verbose parsed url   host: null,
13 verbose parsed url   port: null,
13 verbose parsed url   hostname: null,
13 verbose parsed url   hash: null,
13 verbose parsed url   search: null,
13 verbose parsed url   query: null,
13 verbose parsed url   pathname: '~1.3.8',
13 verbose parsed url   path: '~1.3.8',
13 verbose parsed url   href: '~1.3.8' }
14 verbose addNamed [ 'bower', '~1.3.8' ]
15 verbose addNamed [ null, '>=1.3.8-0 <1.4.0-0' ]
16 verbose cache add [ 'grunt@~0.4.5', null ]
17 verbose cache add name=undefined spec="grunt@~0.4.5" args=["grunt@~0.4.5",null]
18 verbose parsed url { protocol: null,
18 verbose parsed url   slashes: null,
18 verbose parsed url   auth: null,
18 verbose parsed url   host: null,
18 verbose parsed url   port: null,
18 verbose parsed url   hostname: null,
18 verbose parsed url   hash: null,
18 verbose parsed url   search: null,
18 verbose parsed url   query: null,
18 verbose parsed url   pathname: 'grunt@~0.4.5',
18 verbose parsed url   path: 'grunt@~0.4.5',
18 verbose parsed url   href: 'grunt@~0.4.5' }
19 verbose cache add name="grunt" spec="~0.4.5" args=["grunt","~0.4.5"]
20 verbose parsed url { protocol: null,
20 verbose parsed url   slashes: null,
20 verbose parsed url   auth: null,
20 verbose parsed url   host: null,
20 verbose parsed url   port: null,
20 verbose parsed url   hostname: null,
20 verbose parsed url   hash: null,
20 verbose parsed url   search: null,
20 verbose parsed url   query: null,
20 verbose parsed url   pathname: '~0.4.5',
20 verbose parsed url   path: '~0.4.5',
20 verbose parsed url   href: '~0.4.5' }
21 verbose addNamed [ 'grunt', '~0.4.5' ]
22 verbose addNamed [ null, '>=0.4.5-0 <0.5.0-0' ]
23 verbose cache add [ 'grunt-cli@~0.1.13', null ]
24 verbose cache add name=undefined spec="grunt-cli@~0.1.13" args=["grunt-cli@~0.1.13",null]
25 verbose parsed url { protocol: null,
25 verbose parsed url   slashes: null,
25 verbose parsed url   auth: null,
25 verbose parsed url   host: null,
25 verbose parsed url   port: null,
25 verbose parsed url   hostname: null,
25 verbose parsed url   hash: null,
25 verbose parsed url   search: null,
25 verbose parsed url   query: null,
25 verbose parsed url   pathname: 'grunt-cli@~0.1.13',
25 verbose parsed url   path: 'grunt-cli@~0.1.13',
25 verbose parsed url   href: 'grunt-cli@~0.1.13' }
26 verbose cache add name="grunt-cli" spec="~0.1.13" args=["grunt-cli","~0.1.13"]
27 verbose parsed url { protocol: null,
27 verbose parsed url   slashes: null,
27 verbose parsed url   auth: null,
27 verbose parsed url   host: null,
27 verbose parsed url   port: null,
27 verbose parsed url   hostname: null,
27 verbose parsed url   hash: null,
27 verbose parsed url   search: null,
27 verbose parsed url   query: null,
27 verbose parsed url   pathname: '~0.1.13',
27 verbose parsed url   path: '~0.1.13',
27 verbose parsed url   href: '~0.1.13' }
28 verbose addNamed [ 'grunt-cli', '~0.1.13' ]
29 verbose addNamed [ null, '>=0.1.13-0 <0.2.0-0' ]
30 verbose cache add [ 'grunt-contrib-concat@~0.5.0', null ]
31 verbose cache add name=undefined spec="grunt-contrib-concat@~0.5.0" args=["grunt-contrib-concat@~0.5.0",null]
32 verbose parsed url { protocol: null,
32 verbose parsed url   slashes: null,
32 verbose parsed url   auth: null,
32 verbose parsed url   host: null,
32 verbose parsed url   port: null,
32 verbose parsed url   hostname: null,
32 verbose parsed url   hash: null,
32 verbose parsed url   search: null,
32 verbose parsed url   query: null,
32 verbose parsed url   pathname: 'grunt-contrib-concat@~0.5.0',
32 verbose parsed url   path: 'grunt-contrib-concat@~0.5.0',
32 verbose parsed url   href: 'grunt-contrib-concat@~0.5.0' }
33 verbose cache add name="grunt-contrib-concat" spec="~0.5.0" args=["grunt-contrib-concat","~0.5.0"]
34 verbose parsed url { protocol: null,
34 verbose parsed url   slashes: null,
34 verbose parsed url   auth: null,
34 verbose parsed url   host: null,
34 verbose parsed url   port: null,
34 verbose parsed url   hostname: null,
34 verbose parsed url   hash: null,
34 verbose parsed url   search: null,
34 verbose parsed url   query: null,
34 verbose parsed url   pathname: '~0.5.0',
34 verbose parsed url   path: '~0.5.0',
34 verbose parsed url   href: '~0.5.0' }
35 verbose addNamed [ 'grunt-contrib-concat', '~0.5.0' ]
36 verbose addNamed [ null, '>=0.5.0-0 <0.6.0-0' ]
37 verbose cache add [ 'grunt-contrib-connect@git://github.com/gruntjs/grunt-contrib-connect#b96ae23af57e3c62c1a01f40a5925b6b8bfeb14f',
37 verbose cache add   null ]
38 verbose cache add name=undefined spec="grunt-contrib-connect@git://github.com/gruntjs/grunt-contrib-connect#b96ae23af57e3c62c1a01f40a5925b6b8bfeb14f" args=["grunt-contrib-connect@git://github.com/gruntjs/grunt-contrib-connect#b96ae23af57e3c62c1a01f40a5925b6b8bfeb14f",null]
39 verbose parsed url { protocol: null,
39 verbose parsed url   slashes: null,
39 verbose parsed url   auth: null,
39 verbose parsed url   host: null,
39 verbose parsed url   port: null,
39 verbose parsed url   hostname: null,
39 verbose parsed url   hash: '#b96ae23af57e3c62c1a01f40a5925b6b8bfeb14f',
39 verbose parsed url   search: null,
39 verbose parsed url   query: null,
39 verbose parsed url   pathname: 'grunt-contrib-connect@git://github.com/gruntjs/grunt-contrib-connect',
39 verbose parsed url   path: 'grunt-contrib-connect@git://github.com/gruntjs/grunt-contrib-connect',
39 verbose parsed url   href: 'grunt-contrib-connect@git://github.com/gruntjs/grunt-contrib-connect#b96ae23af57e3c62c1a01f40a5925b6b8bfeb14f' }
40 verbose cache add [ 'grunt-contrib-copy@~0.5.0', null ]
41 verbose cache add name=undefined spec="grunt-contrib-copy@~0.5.0" args=["grunt-contrib-copy@~0.5.0",null]
42 verbose parsed url { protocol: null,
42 verbose parsed url   slashes: null,
42 verbose parsed url   auth: null,
42 verbose parsed url   host: null,
42 verbose parsed url   port: null,
42 verbose parsed url   hostname: null,
42 verbose parsed url   hash: null,
42 verbose parsed url   search: null,
42 verbose parsed url   query: null,
42 verbose parsed url   pathname: 'grunt-contrib-copy@~0.5.0',
42 verbose parsed url   path: 'grunt-contrib-copy@~0.5.0',
42 verbose parsed url   href: 'grunt-contrib-copy@~0.5.0' }
43 verbose cache add name="grunt-contrib-copy" spec="~0.5.0" args=["grunt-contrib-copy","~0.5.0"]
44 verbose parsed url { protocol: null,
44 verbose parsed url   slashes: null,
44 verbose parsed url   auth: null,
44 verbose parsed url   host: null,
44 verbose parsed url   port: null,
44 verbose parsed url   hostname: null,
44 verbose parsed url   hash: null,
44 verbose parsed url   search: null,
44 verbose parsed url   query: null,
44 verbose parsed url   pathname: '~0.5.0',
44 verbose parsed url   path: '~0.5.0',
44 verbose parsed url   href: '~0.5.0' }
45 verbose addNamed [ 'grunt-contrib-copy', '~0.5.0' ]
46 verbose addNamed [ null, '>=0.5.0-0 <0.6.0-0' ]
47 verbose cache add [ 'grunt-contrib-less@~0.11.4', null ]
48 verbose cache add name=undefined spec="grunt-contrib-less@~0.11.4" args=["grunt-contrib-less@~0.11.4",null]
49 verbose parsed url { protocol: null,
49 verbose parsed url   slashes: null,
49 verbose parsed url   auth: null,
49 verbose parsed url   host: null,
49 verbose parsed url   port: null,
49 verbose parsed url   hostname: null,
49 verbose parsed url   hash: null,
49 verbose parsed url   search: null,
49 verbose parsed url   query: null,
49 verbose parsed url   pathname: 'grunt-contrib-less@~0.11.4',
49 verbose parsed url   path: 'grunt-contrib-less@~0.11.4',
49 verbose parsed url   href: 'grunt-contrib-less@~0.11.4' }
50 verbose cache add name="grunt-contrib-less" spec="~0.11.4" args=["grunt-contrib-less","~0.11.4"]
51 verbose parsed url { protocol: null,
51 verbose parsed url   slashes: null,
51 verbose parsed url   auth: null,
51 verbose parsed url   host: null,
51 verbose parsed url   port: null,
51 verbose parsed url   hostname: null,
51 verbose parsed url   hash: null,
51 verbose parsed url   search: null,
51 verbose parsed url   query: null,
51 verbose parsed url   pathname: '~0.11.4',
51 verbose parsed url   path: '~0.11.4',
51 verbose parsed url   href: '~0.11.4' }
52 verbose addNamed [ 'grunt-contrib-less', '~0.11.4' ]
53 verbose addNamed [ null, '>=0.11.4-0 <0.12.0-0' ]
54 verbose cache add [ 'grunt-contrib-watch@~0.6.1', null ]
55 verbose cache add name=undefined spec="grunt-contrib-watch@~0.6.1" args=["grunt-contrib-watch@~0.6.1",null]
56 verbose parsed url { protocol: null,
56 verbose parsed url   slashes: null,
56 verbose parsed url   auth: null,
56 verbose parsed url   host: null,
56 verbose parsed url   port: null,
56 verbose parsed url   hostname: null,
56 verbose parsed url   hash: null,
56 verbose parsed url   search: null,
56 verbose parsed url   query: null,
56 verbose parsed url   pathname: 'grunt-contrib-watch@~0.6.1',
56 verbose parsed url   path: 'grunt-contrib-watch@~0.6.1',
56 verbose parsed url   href: 'grunt-contrib-watch@~0.6.1' }
57 verbose cache add name="grunt-contrib-watch" spec="~0.6.1" args=["grunt-contrib-watch","~0.6.1"]
58 verbose parsed url { protocol: null,
58 verbose parsed url   slashes: null,
58 verbose parsed url   auth: null,
58 verbose parsed url   host: null,
58 verbose parsed url   port: null,
58 verbose parsed url   hostname: null,
58 verbose parsed url   hash: null,
58 verbose parsed url   search: null,
58 verbose parsed url   query: null,
58 verbose parsed url   pathname: '~0.6.1',
58 verbose parsed url   path: '~0.6.1',
58 verbose parsed url   href: '~0.6.1' }
59 verbose addNamed [ 'grunt-contrib-watch', '~0.6.1' ]
60 verbose addNamed [ null, '>=0.6.1-0 <0.7.0-0' ]
61 verbose cache add [ 'grunt-karma@~0.8.3', null ]
62 verbose cache add name=undefined spec="grunt-karma@~0.8.3" args=["grunt-karma@~0.8.3",null]
63 verbose parsed url { protocol: null,
63 verbose parsed url   slashes: null,
63 verbose parsed url   auth: null,
63 verbose parsed url   host: null,
63 verbose parsed url   port: null,
63 verbose parsed url   hostname: null,
63 verbose parsed url   hash: null,
63 verbose parsed url   search: null,
63 verbose parsed url   query: null,
63 verbose parsed url   pathname: 'grunt-karma@~0.8.3',
63 verbose parsed url   path: 'grunt-karma@~0.8.3',
63 verbose parsed url   href: 'grunt-karma@~0.8.3' }
64 verbose cache add name="grunt-karma" spec="~0.8.3" args=["grunt-karma","~0.8.3"]
65 verbose parsed url { protocol: null,
65 verbose parsed url   slashes: null,
65 verbose parsed url   auth: null,
65 verbose parsed url   host: null,
65 verbose parsed url   port: null,
65 verbose parsed url   hostname: null,
65 verbose parsed url   hash: null,
65 verbose parsed url   search: null,
65 verbose parsed url   query: null,
65 verbose parsed url   pathname: '~0.8.3',
65 verbose parsed url   path: '~0.8.3',
65 verbose parsed url   href: '~0.8.3' }
66 verbose addNamed [ 'grunt-karma', '~0.8.3' ]
67 verbose addNamed [ null, '>=0.8.3-0 <0.9.0-0' ]
68 verbose cache add [ 'grunt-protractor-runner@git://github.com/teerapap/grunt-protractor-runner#462020dc1cbe22ba4aaa6b045548d5dbc244b46c',
68 verbose cache add   null ]
69 verbose cache add name=undefined spec="grunt-protractor-runner@git://github.com/teerapap/grunt-protractor-runner#462020dc1cbe22ba4aaa6b045548d5dbc244b46c" args=["grunt-protractor-runner@git://github.com/teerapap/grunt-protractor-runner#462020dc1cbe22ba4aaa6b045548d5dbc244b46c",null]
70 verbose parsed url { protocol: null,
70 verbose parsed url   slashes: null,
70 verbose parsed url   auth: null,
70 verbose parsed url   host: null,
70 verbose parsed url   port: null,
70 verbose parsed url   hostname: null,
70 verbose parsed url   hash: '#462020dc1cbe22ba4aaa6b045548d5dbc244b46c',
70 verbose parsed url   search: null,
70 verbose parsed url   query: null,
70 verbose parsed url   pathname: 'grunt-protractor-runner@git://github.com/teerapap/grunt-protractor-runner',
70 verbose parsed url   path: 'grunt-protractor-runner@git://github.com/teerapap/grunt-protractor-runner',
70 verbose parsed url   href: 'grunt-protractor-runner@git://github.com/teerapap/grunt-protractor-runner#462020dc1cbe22ba4aaa6b045548d5dbc244b46c' }
71 verbose cache add [ 'karma@~0.12.19', null ]
72 verbose cache add name=undefined spec="karma@~0.12.19" args=["karma@~0.12.19",null]
73 verbose parsed url { protocol: null,
73 verbose parsed url   slashes: null,
73 verbose parsed url   auth: null,
73 verbose parsed url   host: null,
73 verbose parsed url   port: null,
73 verbose parsed url   hostname: null,
73 verbose parsed url   hash: null,
73 verbose parsed url   search: null,
73 verbose parsed url   query: null,
73 verbose parsed url   pathname: 'karma@~0.12.19',
73 verbose parsed url   path: 'karma@~0.12.19',
73 verbose parsed url   href: 'karma@~0.12.19' }
74 verbose cache add name="karma" spec="~0.12.19" args=["karma","~0.12.19"]
75 verbose parsed url { protocol: null,
75 verbose parsed url   slashes: null,
75 verbose parsed url   auth: null,
75 verbose parsed url   host: null,
75 verbose parsed url   port: null,
75 verbose parsed url   hostname: null,
75 verbose parsed url   hash: null,
75 verbose parsed url   search: null,
75 verbose parsed url   query: null,
75 verbose parsed url   pathname: '~0.12.19',
75 verbose parsed url   path: '~0.12.19',
75 verbose parsed url   href: '~0.12.19' }
76 verbose addNamed [ 'karma', '~0.12.19' ]
77 verbose addNamed [ null, '>=0.12.19-0 <0.13.0-0' ]
78 verbose cache add [ 'karma-coverage@~0.2.5', null ]
79 verbose cache add name=undefined spec="karma-coverage@~0.2.5" args=["karma-coverage@~0.2.5",null]
80 verbose parsed url { protocol: null,
80 verbose parsed url   slashes: null,
80 verbose parsed url   auth: null,
80 verbose parsed url   host: null,
80 verbose parsed url   port: null,
80 verbose parsed url   hostname: null,
80 verbose parsed url   hash: null,
80 verbose parsed url   search: null,
80 verbose parsed url   query: null,
80 verbose parsed url   pathname: 'karma-coverage@~0.2.5',
80 verbose parsed url   path: 'karma-coverage@~0.2.5',
80 verbose parsed url   href: 'karma-coverage@~0.2.5' }
81 verbose cache add name="karma-coverage" spec="~0.2.5" args=["karma-coverage","~0.2.5"]
82 verbose parsed url { protocol: null,
82 verbose parsed url   slashes: null,
82 verbose parsed url   auth: null,
82 verbose parsed url   host: null,
82 verbose parsed url   port: null,
82 verbose parsed url   hostname: null,
82 verbose parsed url   hash: null,
82 verbose parsed url   search: null,
82 verbose parsed url   query: null,
82 verbose parsed url   pathname: '~0.2.5',
82 verbose parsed url   path: '~0.2.5',
82 verbose parsed url   href: '~0.2.5' }
83 verbose addNamed [ 'karma-coverage', '~0.2.5' ]
84 verbose addNamed [ null, '>=0.2.5-0 <0.3.0-0' ]
85 verbose cache add [ 'karma-jasmine@~0.1.5', null ]
86 verbose cache add name=undefined spec="karma-jasmine@~0.1.5" args=["karma-jasmine@~0.1.5",null]
87 verbose parsed url { protocol: null,
87 verbose parsed url   slashes: null,
87 verbose parsed url   auth: null,
87 verbose parsed url   host: null,
87 verbose parsed url   port: null,
87 verbose parsed url   hostname: null,
87 verbose parsed url   hash: null,
87 verbose parsed url   search: null,
87 verbose parsed url   query: null,
87 verbose parsed url   pathname: 'karma-jasmine@~0.1.5',
87 verbose parsed url   path: 'karma-jasmine@~0.1.5',
87 verbose parsed url   href: 'karma-jasmine@~0.1.5' }
88 verbose cache add name="karma-jasmine" spec="~0.1.5" args=["karma-jasmine","~0.1.5"]
89 verbose parsed url { protocol: null,
89 verbose parsed url   slashes: null,
89 verbose parsed url   auth: null,
89 verbose parsed url   host: null,
89 verbose parsed url   port: null,
89 verbose parsed url   hostname: null,
89 verbose parsed url   hash: null,
89 verbose parsed url   search: null,
89 verbose parsed url   query: null,
89 verbose parsed url   pathname: '~0.1.5',
89 verbose parsed url   path: '~0.1.5',
89 verbose parsed url   href: '~0.1.5' }
90 verbose addNamed [ 'karma-jasmine', '~0.1.5' ]
91 verbose addNamed [ null, '>=0.1.5-0 <0.2.0-0' ]
92 verbose cache add [ 'karma-junit-reporter@~0.2.2', null ]
93 verbose cache add name=undefined spec="karma-junit-reporter@~0.2.2" args=["karma-junit-reporter@~0.2.2",null]
94 verbose parsed url { protocol: null,
94 verbose parsed url   slashes: null,
94 verbose parsed url   auth: null,
94 verbose parsed url   host: null,
94 verbose parsed url   port: null,
94 verbose parsed url   hostname: null,
94 verbose parsed url   hash: null,
94 verbose parsed url   search: null,
94 verbose parsed url   query: null,
94 verbose parsed url   pathname: 'karma-junit-reporter@~0.2.2',
94 verbose parsed url   path: 'karma-junit-reporter@~0.2.2',
94 verbose parsed url   href: 'karma-junit-reporter@~0.2.2' }
95 verbose cache add name="karma-junit-reporter" spec="~0.2.2" args=["karma-junit-reporter","~0.2.2"]
96 verbose parsed url { protocol: null,
96 verbose parsed url   slashes: null,
96 verbose parsed url   auth: null,
96 verbose parsed url   host: null,
96 verbose parsed url   port: null,
96 verbose parsed url   hostname: null,
96 verbose parsed url   hash: null,
96 verbose parsed url   search: null,
96 verbose parsed url   query: null,
96 verbose parsed url   pathname: '~0.2.2',
96 verbose parsed url   path: '~0.2.2',
96 verbose parsed url   href: '~0.2.2' }
97 verbose addNamed [ 'karma-junit-reporter', '~0.2.2' ]
98 verbose addNamed [ null, '>=0.2.2-0 <0.3.0-0' ]
99 verbose cache add [ 'karma-phantomjs-launcher@~0.1.4', null ]
100 verbose cache add name=undefined spec="karma-phantomjs-launcher@~0.1.4" args=["karma-phantomjs-launcher@~0.1.4",null]
101 verbose parsed url { protocol: null,
101 verbose parsed url   slashes: null,
101 verbose parsed url   auth: null,
101 verbose parsed url   host: null,
101 verbose parsed url   port: null,
101 verbose parsed url   hostname: null,
101 verbose parsed url   hash: null,
101 verbose parsed url   search: null,
101 verbose parsed url   query: null,
101 verbose parsed url   pathname: 'karma-phantomjs-launcher@~0.1.4',
101 verbose parsed url   path: 'karma-phantomjs-launcher@~0.1.4',
101 verbose parsed url   href: 'karma-phantomjs-launcher@~0.1.4' }
102 verbose cache add name="karma-phantomjs-launcher" spec="~0.1.4" args=["karma-phantomjs-launcher","~0.1.4"]
103 verbose parsed url { protocol: null,
103 verbose parsed url   slashes: null,
103 verbose parsed url   auth: null,
103 verbose parsed url   host: null,
103 verbose parsed url   port: null,
103 verbose parsed url   hostname: null,
103 verbose parsed url   hash: null,
103 verbose parsed url   search: null,
103 verbose parsed url   query: null,
103 verbose parsed url   pathname: '~0.1.4',
103 verbose parsed url   path: '~0.1.4',
103 verbose parsed url   href: '~0.1.4' }
104 verbose addNamed [ 'karma-phantomjs-launcher', '~0.1.4' ]
105 verbose addNamed [ null, '>=0.1.4-0 <0.2.0-0' ]
106 silly lockFile b3cbe059-bower-1-3-8 bower@~1.3.8
107 verbose lock bower@~1.3.8 C:\Users\Sanjeev\AppData\Roaming\npm-cache\b3cbe059-bower-1-3-8.lock
108 silly lockFile 240974bb-grunt-0-4-5 grunt@~0.4.5
109 verbose lock grunt@~0.4.5 C:\Users\Sanjeev\AppData\Roaming\npm-cache\240974bb-grunt-0-4-5.lock
110 silly lockFile a6c878ac-grunt-cli-0-1-13 grunt-cli@~0.1.13
111 verbose lock grunt-cli@~0.1.13 C:\Users\Sanjeev\AppData\Roaming\npm-cache\a6c878ac-grunt-cli-0-1-13.lock
112 silly lockFile ab641ed0-grunt-contrib-concat-0-5-0 grunt-contrib-concat@~0.5.0
113 verbose lock grunt-contrib-concat@~0.5.0 C:\Users\Sanjeev\AppData\Roaming\npm-cache\ab641ed0-grunt-contrib-concat-0-5-0.lock
114 verbose cache add name="grunt-contrib-connect" spec="git://github.com/gruntjs/grunt-contrib-connect#b96ae23af57e3c62c1a01f40a5925b6b8bfeb14f" args=["grunt-contrib-connect","git://github.com/gruntjs/grunt-contrib-connect#b96ae23af57e3c62c1a01f40a5925b6b8bfeb14f"]
115 verbose parsed url { protocol: 'git:',
115 verbose parsed url   slashes: true,
115 verbose parsed url   auth: null,
115 verbose parsed url   host: 'github.com',
115 verbose parsed url   port: null,
115 verbose parsed url   hostname: 'github.com',
115 verbose parsed url   hash: '#b96ae23af57e3c62c1a01f40a5925b6b8bfeb14f',
115 verbose parsed url   search: null,
115 verbose parsed url   query: null,
115 verbose parsed url   pathname: '/gruntjs/grunt-contrib-connect',
115 verbose parsed url   path: '/gruntjs/grunt-contrib-connect',
115 verbose parsed url   href: 'git://github.com/gruntjs/grunt-contrib-connect#b96ae23af57e3c62c1a01f40a5925b6b8bfeb14f' }
116 silly lockFile 9cba797b-om-gruntjs-grunt-contrib-connect git://github.com/gruntjs/grunt-contrib-connect
117 verbose lock git://github.com/gruntjs/grunt-contrib-connect C:\Users\Sanjeev\AppData\Roaming\npm-cache\9cba797b-om-gruntjs-grunt-contrib-connect.lock
118 silly lockFile ac3d673b-grunt-contrib-copy-0-5-0 grunt-contrib-copy@~0.5.0
119 verbose lock grunt-contrib-copy@~0.5.0 C:\Users\Sanjeev\AppData\Roaming\npm-cache\ac3d673b-grunt-contrib-copy-0-5-0.lock
120 silly lockFile d6b045ca-grunt-contrib-less-0-11-4 grunt-contrib-less@~0.11.4
121 verbose lock grunt-contrib-less@~0.11.4 C:\Users\Sanjeev\AppData\Roaming\npm-cache\d6b045ca-grunt-contrib-less-0-11-4.lock
122 silly lockFile 82ce6ec8-grunt-contrib-watch-0-6-1 grunt-contrib-watch@~0.6.1
123 verbose lock grunt-contrib-watch@~0.6.1 C:\Users\Sanjeev\AppData\Roaming\npm-cache\82ce6ec8-grunt-contrib-watch-0-6-1.lock
124 silly lockFile 1545a07a-grunt-karma-0-8-3 grunt-karma@~0.8.3
125 verbose lock grunt-karma@~0.8.3 C:\Users\Sanjeev\AppData\Roaming\npm-cache\1545a07a-grunt-karma-0-8-3.lock
126 verbose cache add name="grunt-protractor-runner" spec="git://github.com/teerapap/grunt-protractor-runner#462020dc1cbe22ba4aaa6b045548d5dbc244b46c" args=["grunt-protractor-runner","git://github.com/teerapap/grunt-protractor-runner#462020dc1cbe22ba4aaa6b045548d5dbc244b46c"]
127 verbose parsed url { protocol: 'git:',
127 verbose parsed url   slashes: true,
127 verbose parsed url   auth: null,
127 verbose parsed url   host: 'github.com',
127 verbose parsed url   port: null,
127 verbose parsed url   hostname: 'github.com',
127 verbose parsed url   hash: '#462020dc1cbe22ba4aaa6b045548d5dbc244b46c',
127 verbose parsed url   search: null,
127 verbose parsed url   query: null,
127 verbose parsed url   pathname: '/teerapap/grunt-protractor-runner',
127 verbose parsed url   path: '/teerapap/grunt-protractor-runner',
127 verbose parsed url   href: 'git://github.com/teerapap/grunt-protractor-runner#462020dc1cbe22ba4aaa6b045548d5dbc244b46c' }
128 silly lockFile bd1907ca-teerapap-grunt-protractor-runner git://github.com/teerapap/grunt-protractor-runner
129 verbose lock git://github.com/teerapap/grunt-protractor-runner C:\Users\Sanjeev\AppData\Roaming\npm-cache\bd1907ca-teerapap-grunt-protractor-runner.lock
130 silly lockFile 3739263f-karma-0-12-19 karma@~0.12.19
131 verbose lock karma@~0.12.19 C:\Users\Sanjeev\AppData\Roaming\npm-cache\3739263f-karma-0-12-19.lock
132 silly lockFile cd7b83f4-karma-coverage-0-2-5 karma-coverage@~0.2.5
133 verbose lock karma-coverage@~0.2.5 C:\Users\Sanjeev\AppData\Roaming\npm-cache\cd7b83f4-karma-coverage-0-2-5.lock
134 silly lockFile 7560904b-karma-jasmine-0-1-5 karma-jasmine@~0.1.5
135 verbose lock karma-jasmine@~0.1.5 C:\Users\Sanjeev\AppData\Roaming\npm-cache\7560904b-karma-jasmine-0-1-5.lock
136 silly lockFile db563ba8-karma-junit-reporter-0-2-2 karma-junit-reporter@~0.2.2
137 verbose lock karma-junit-reporter@~0.2.2 C:\Users\Sanjeev\AppData\Roaming\npm-cache\db563ba8-karma-junit-reporter-0-2-2.lock
138 silly lockFile d0fddf9c-karma-phantomjs-launcher-0-1-4 karma-phantomjs-launcher@~0.1.4
139 verbose lock karma-phantomjs-launcher@~0.1.4 C:\Users\Sanjeev\AppData\Roaming\npm-cache\d0fddf9c-karma-phantomjs-launcher-0-1-4.lock
140 silly addNameRange { name: 'bower', range: '>=1.3.8-0 <1.4.0-0', hasData: false }
141 silly addNameRange { name: 'grunt', range: '>=0.4.5-0 <0.5.0-0', hasData: false }
142 silly addNameRange { name: 'grunt-contrib-concat',
142 silly addNameRange   range: '>=0.5.0-0 <0.6.0-0',
142 silly addNameRange   hasData: false }
143 silly addNameRange { name: 'grunt-cli',
143 silly addNameRange   range: '>=0.1.13-0 <0.2.0-0',
143 silly addNameRange   hasData: false }
144 verbose addRemoteGit [ 'git://github.com/gruntjs/grunt-contrib-connect',
144 verbose addRemoteGit   'b96ae23af57e3c62c1a01f40a5925b6b8bfeb14f' ]
145 silly addNameRange { name: 'grunt-contrib-copy',
145 silly addNameRange   range: '>=0.5.0-0 <0.6.0-0',
145 silly addNameRange   hasData: false }
146 silly addNameRange { name: 'grunt-contrib-watch',
146 silly addNameRange   range: '>=0.6.1-0 <0.7.0-0',
146 silly addNameRange   hasData: false }
147 silly addNameRange { name: 'grunt-contrib-less',
147 silly addNameRange   range: '>=0.11.4-0 <0.12.0-0',
147 silly addNameRange   hasData: false }
148 silly addNameRange { name: 'karma', range: '>=0.12.19-0 <0.13.0-0', hasData: false }
149 verbose addRemoteGit [ 'git://github.com/teerapap/grunt-protractor-runner',
149 verbose addRemoteGit   '462020dc1cbe22ba4aaa6b045548d5dbc244b46c' ]
150 silly addNameRange { name: 'grunt-karma',
150 silly addNameRange   range: '>=0.8.3-0 <0.9.0-0',
150 silly addNameRange   hasData: false }
151 silly addNameRange { name: 'karma-coverage',
151 silly addNameRange   range: '>=0.2.5-0 <0.3.0-0',
151 silly addNameRange   hasData: false }
152 silly addNameRange { name: 'karma-jasmine',
152 silly addNameRange   range: '>=0.1.5-0 <0.2.0-0',
152 silly addNameRange   hasData: false }
153 silly addNameRange { name: 'karma-junit-reporter',
153 silly addNameRange   range: '>=0.2.2-0 <0.3.0-0',
153 silly addNameRange   hasData: false }
154 silly addNameRange { name: 'karma-phantomjs-launcher',
154 silly addNameRange   range: '>=0.1.4-0 <0.2.0-0',
154 silly addNameRange   hasData: false }
155 verbose url raw grunt-contrib-concat
156 verbose url resolving [ 'https://registry.npmjs.org/', './grunt-contrib-concat' ]
157 verbose url resolved https://registry.npmjs.org/grunt-contrib-concat
158 info trying registry request attempt 1 at 21:24:37
159 verbose etag "87A6V5QOMSF5XI6ESMWPVO75X"
160 http GET https://registry.npmjs.org/grunt-contrib-concat
161 verbose url raw grunt-cli
162 verbose url resolving [ 'https://registry.npmjs.org/', './grunt-cli' ]
163 verbose url resolved https://registry.npmjs.org/grunt-cli
164 info trying registry request attempt 1 at 21:24:37
165 verbose etag "54QNW6NQ2WNHWUGFJR6BHGBXZ"
166 http GET https://registry.npmjs.org/grunt-cli
167 verbose url raw grunt
168 verbose url resolving [ 'https://registry.npmjs.org/', './grunt' ]
169 verbose url resolved https://registry.npmjs.org/grunt
170 info trying registry request attempt 1 at 21:24:37
171 verbose etag "4BRW30TMXE1Y656DAX3HGJB56"
172 http GET https://registry.npmjs.org/grunt
173 verbose url raw bower
174 verbose url resolving [ 'https://registry.npmjs.org/', './bower' ]
175 verbose url resolved https://registry.npmjs.org/bower
176 info trying registry request attempt 1 at 21:24:37
177 verbose etag "9WQET6GYB7QHG5UFTGDH0KLIN"
178 http GET https://registry.npmjs.org/bower
179 verbose url raw grunt-contrib-less
180 verbose url resolving [ 'https://registry.npmjs.org/', './grunt-contrib-less' ]
181 verbose url resolved https://registry.npmjs.org/grunt-contrib-less
182 info trying registry request attempt 1 at 21:24:37
183 verbose etag "D2OXWZIF1EZYVYV5XMS4UF14G"
184 http GET https://registry.npmjs.org/grunt-contrib-less
185 verbose url raw grunt-contrib-watch
186 verbose url resolving [ 'https://registry.npmjs.org/', './grunt-contrib-watch' ]
187 verbose url resolved https://registry.npmjs.org/grunt-contrib-watch
188 info trying registry request attempt 1 at 21:24:37
189 verbose etag "27M9OF3WVBMW4RT68Y88LPTQN"
190 http GET https://registry.npmjs.org/grunt-contrib-watch
191 verbose url raw grunt-contrib-copy
192 verbose url resolving [ 'https://registry.npmjs.org/', './grunt-contrib-copy' ]
193 verbose url resolved https://registry.npmjs.org/grunt-contrib-copy
194 info trying registry request attempt 1 at 21:24:37
195 verbose etag "B5WQB5IT6KLFDKMPKVTE95TVC"
196 http GET https://registry.npmjs.org/grunt-contrib-copy
197 verbose url raw karma-coverage
198 verbose url resolving [ 'https://registry.npmjs.org/', './karma-coverage' ]
199 verbose url resolved https://registry.npmjs.org/karma-coverage
200 info trying registry request attempt 1 at 21:24:37
201 verbose etag "31KEHG3XFO0RI9FM27UMSJQMM"
202 http GET https://registry.npmjs.org/karma-coverage
203 verbose url raw grunt-karma
204 verbose url resolving [ 'https://registry.npmjs.org/', './grunt-karma' ]
205 verbose url resolved https://registry.npmjs.org/grunt-karma
206 info trying registry request attempt 1 at 21:24:37
207 verbose etag "BPQKXC3YXGHSZVUKMCNICQVWF"
208 http GET https://registry.npmjs.org/grunt-karma
209 verbose url raw karma-junit-reporter
210 verbose url resolving [ 'https://registry.npmjs.org/', './karma-junit-reporter' ]
211 verbose url resolved https://registry.npmjs.org/karma-junit-reporter
212 info trying registry request attempt 1 at 21:24:37
213 verbose etag "2HF212ZQ18WA2D50IJIV6WYAF"
214 http GET https://registry.npmjs.org/karma-junit-reporter
215 verbose url raw karma-jasmine
216 verbose url resolving [ 'https://registry.npmjs.org/', './karma-jasmine' ]
217 verbose url resolved https://registry.npmjs.org/karma-jasmine
218 info trying registry request attempt 1 at 21:24:37
219 verbose etag "29R619A5NP1BYNS8W9P1MNI7E"
220 http GET https://registry.npmjs.org/karma-jasmine
221 verbose url raw karma-phantomjs-launcher
222 verbose url resolving [ 'https://registry.npmjs.org/', './karma-phantomjs-launcher' ]
223 verbose url resolved https://registry.npmjs.org/karma-phantomjs-launcher
224 info trying registry request attempt 1 at 21:24:37
225 verbose etag "D2IO0A9H8GH0M6AOZZI7TM3WJ"
226 http GET https://registry.npmjs.org/karma-phantomjs-launcher
227 verbose url raw karma
228 verbose url resolving [ 'https://registry.npmjs.org/', './karma' ]
229 verbose url resolved https://registry.npmjs.org/karma
230 info trying registry request attempt 1 at 21:24:37
231 verbose etag "CNW5DQZGRNTZEH1Q5A1CU1TND"
232 http GET https://registry.npmjs.org/karma
233 silly lockFile 9cba797b-om-gruntjs-grunt-contrib-connect git://github.com/gruntjs/grunt-contrib-connect
234 silly lockFile 9cba797b-om-gruntjs-grunt-contrib-connect git://github.com/gruntjs/grunt-contrib-connect
235 silly lockFile bd1907ca-teerapap-grunt-protractor-runner git://github.com/teerapap/grunt-protractor-runner
236 silly lockFile bd1907ca-teerapap-grunt-protractor-runner git://github.com/teerapap/grunt-protractor-runner
237 error not found: git
238 error Failed using git.
238 error This is most likely not a problem with npm itself.
238 error Please check if you have git installed and in your PATH.
239 error System Windows_NT 6.2.9200
240 error command "C:\\Users\\Sanjeev\\vita\\src\\main\\front-end\\node\\node" "C:\\Users\\Sanjeev\\vita\\src\\main\\front-end\\node\\npm\\bin\\npm-cli.js" "install" "--color=false"
241 error cwd C:\Users\Sanjeev\vita\src\main\front-end
242 error node -v v0.10.30
243 error npm -v 1.4.9
244 error code ENOGIT
245 verbose exit [ 1, true ]
